[backblue.gif]
[fade.gif]
[index.html]
[browser.sentry-cdn.com/6.4.1/bundle.min.js]
[www.google-analytics.com/analytics.js]
[d13pxqgp3ixdbh.cloudfront.net/uploads/1605855726e9cca20067cef79955d16f57fa7200db.png]
[d13pxqgp3ixdbh.cloudfront.net/uploads/16088866611cbe7d4635de7895aaf6047e9c376171.png]
[d13pxqgp3ixdbh.cloudfront.net/uploads/160585575820dc0af319d8d844ea8d369f0a5d89b5.png]
[d13pxqgp3ixdbh.cloudfront.net/uploads/1607637037ac84fd079ac9b3d95c754205f1c78a44.png]
[d13pxqgp3ixdbh.cloudfront.net/uploads/16058575699770571b9b740f343065086147cef42e.png]
[d13pxqgp3ixdbh.cloudfront.net/uploads/16058568095d8470e511e6c59ed05fee24510ffb01.png]
[d13pxqgp3ixdbh.cloudfront.net/uploads/1605859816e2bdefc7bdd77827e40ca39ad1d2d6ab.png]
[d13pxqgp3ixdbh.cloudfront.net/uploads/1605855863927ed878dc323337b9b8cf067985dae9.png]
[d13pxqgp3ixdbh.cloudfront.net/uploads/16058579663c285a72a95bd8bf7535a9baa2ef47da.png]
[d13pxqgp3ixdbh.cloudfront.net/uploads/16058558625493d0f0d5269a5aa26d8745546a77ca.png]
[d13pxqgp3ixdbh.cloudfront.net/uploads/1605857966b9ae1591f1feba159a812382eb7121d1.png]
[d13pxqgp3ixdbh.cloudfront.net/uploads/16058558635098ec01c678e1910050399465de677b.png]
[d13pxqgp3ixdbh.cloudfront.net/uploads/16058579676ee1d85c920d4826f0a7b7c83481b3b1.png]
[d13pxqgp3ixdbh.cloudfront.net/uploads/16058558642aa674ed2779eda66cdf674d2e4dca96.png]
[d13pxqgp3ixdbh.cloudfront.net/uploads/16058579677c511435814dfd0909a808c45ec48053.png]
[d13pxqgp3ixdbh.cloudfront.net/uploads/16058558648e7f0ee4d8d48473ba88ee40271b710f.png]
[d13pxqgp3ixdbh.cloudfront.net/uploads/16058579681e8c145c780eaaa42d8c064e75848d8e.png]
[d13pxqgp3ixdbh.cloudfront.net/uploads/1605855865ffa33c62ac2626497abfc58ec58be024.png]
[d13pxqgp3ixdbh.cloudfront.net/uploads/160585796987d73da13a6099cb4ddfee4abd206d61.png]
[d13pxqgp3ixdbh.cloudfront.net/uploads/1605855865dc67ebb8dc9437006d4f09f5b7495013.png]
[d13pxqgp3ixdbh.cloudfront.net/uploads/16058579692789196d29f3972c64ce353cab8e4fa7.png]
[d13pxqgp3ixdbh.cloudfront.net/uploads/1605855866612cf4dcddd1d585c89f830d4bc9aaf8.png]
[d13pxqgp3ixdbh.cloudfront.net/uploads/1605857970e5f81ebbc360fe11d6da68b2663ce6b3.png]
[d13pxqgp3ixdbh.cloudfront.net/uploads/160585586606df59561eb1f4b3258dac12d720e493.png]
[d13pxqgp3ixdbh.cloudfront.net/uploads/16058579715b695867ca20b80558d573b9df25dcdd.png]
[d13pxqgp3ixdbh.cloudfront.net/uploads/1605855867f218fbbaaf19adfce0d63c7d8f325168.png]
[d13pxqgp3ixdbh.cloudfront.net/uploads/16058579712c4d4abb3847624b8fba1a7422d41cf6.png]
[d13pxqgp3ixdbh.cloudfront.net/uploads/1605856168a5157bbf32c7e90a14d643bd91da3574.png]
[d13pxqgp3ixdbh.cloudfront.net/uploads/16058562042be3074d2cd3ac3d6886c8185722ba67.png]
[d13pxqgp3ixdbh.cloudfront.net/uploads/16058581527774a8bb7e1ba87349c1a5461ca97982.png]
[d13pxqgp3ixdbh.cloudfront.net/uploads/16058562047cb5da43adda38d152ef145939d9cc9c.png]
[d13pxqgp3ixdbh.cloudfront.net/uploads/1605858152ccd9953834ad283191810da0ebf6b41f.png]
[d13pxqgp3ixdbh.cloudfront.net/uploads/1605856205134e706e6947ebbe301f61d5f6f39f09.png]
[d13pxqgp3ixdbh.cloudfront.net/uploads/1605858153de62324dc436f2c87b2062f1ac2f738b.png]
[d13pxqgp3ixdbh.cloudfront.net/uploads/1605856205101ade667f15888ac332de92c50c127a.png]
[d13pxqgp3ixdbh.cloudfront.net/uploads/16058589193b625fada0908e5806c21cf309eb423d.png]
[d13pxqgp3ixdbh.cloudfront.net/uploads/16058562051cf19905cf59842ca44d580422b9992a.png]
[d13pxqgp3ixdbh.cloudfront.net/uploads/16058581532f67bd2fef04b5cdc55ee9ed985c18b7.png]
[d13pxqgp3ixdbh.cloudfront.net/uploads/16058562063bceadfdef8503e996dbe42d1f083493.png]
[d13pxqgp3ixdbh.cloudfront.net/uploads/1605858154c4edcf0554776b7c240a3fa49f44dec5.png]
[d13pxqgp3ixdbh.cloudfront.net/uploads/1605856206f54177179b31e4b79bbd353e7fafd6d9.png]
[d13pxqgp3ixdbh.cloudfront.net/uploads/1605858155badb3710cca7e3b6402027064408c9ae.png]
[d13pxqgp3ixdbh.cloudfront.net/uploads/160585620779591d618a44fcdee9c0ade10048ace2.png]
[d13pxqgp3ixdbh.cloudfront.net/uploads/1605858155f24b4816a87870c6f0bd3c5d767474f1.png]
[d13pxqgp3ixdbh.cloudfront.net/uploads/16058562076672340ebed595dfd01b46b1a0fa303f.png]
[d13pxqgp3ixdbh.cloudfront.net/uploads/1605858156499319ca92eac3eea5ab3df2b6961317.png]
[d13pxqgp3ixdbh.cloudfront.net/uploads/16058562072734738ae7e111900eb23a2e8d5cc8c5.png]
[d13pxqgp3ixdbh.cloudfront.net/uploads/16058581576ffbcd840d7e8d2fee89539f6cd89f18.png]
[d13pxqgp3ixdbh.cloudfront.net/uploads/1605856208a831d470e246ad30ee8719c1752c2acf.png]
[d13pxqgp3ixdbh.cloudfront.net/uploads/1605858157608d7f9ab37ac33ed1c0530ce459738f.png]
[d13pxqgp3ixdbh.cloudfront.net/uploads/1605856208c717b460e24f1ddb7f6e43b717621dd6.png]
[d13pxqgp3ixdbh.cloudfront.net/uploads/16058581588d5bc3913fee6099857813e77258ca3a.png]
[d13pxqgp3ixdbh.cloudfront.net/uploads/1605856208c30a919c83edd9bc5cfc211defa61da3.png]
[d13pxqgp3ixdbh.cloudfront.net/uploads/160585815863f27f17e2428dd282ee3f4e3a006a88.png]
[d13pxqgp3ixdbh.cloudfront.net/uploads/16058562098da459d435fedfeda69b5a7278b892ac.png]
[d13pxqgp3ixdbh.cloudfront.net/uploads/160585815918f02543ad34562141b4f089036f1c14.png]
[d13pxqgp3ixdbh.cloudfront.net/uploads/16058562095bb6442e4117c5e039df207e5f526d0b.png]
[d13pxqgp3ixdbh.cloudfront.net/uploads/16058581599eddafc159c3f1b913e11b41acf02307.png]
[d13pxqgp3ixdbh.cloudfront.net/uploads/160585662663fa46bcddd68b35e53249332effdc62.png]
[d13pxqgp3ixdbh.cloudfront.net/uploads/1605856622d9ab92dbfddf2326cb771530642590d2.png]
[d13pxqgp3ixdbh.cloudfront.net/uploads/1605857569d1bbd4d9bc32a17f7fdd4e28856c9b15.png]
[d13pxqgp3ixdbh.cloudfront.net/uploads/16058566223f062076d415a3d8ad20e06c263b4fc2.png]
[d13pxqgp3ixdbh.cloudfront.net/uploads/1605856623905f0024d5089677fd5f3d5975f17b0f.png]
[d13pxqgp3ixdbh.cloudfront.net/uploads/1605857570fe3c92288b2cc38fa424cd3525627b3b.png]
[d13pxqgp3ixdbh.cloudfront.net/uploads/1605856623159bf096a6d8de1daeee4dcf53eb9827.png]
[d13pxqgp3ixdbh.cloudfront.net/uploads/1605857570f8c778ecee88c3c6d077e04be073c991.png]
[d13pxqgp3ixdbh.cloudfront.net/uploads/1605856624e90cb7c4ab0d9b9ac06bc0df4b179117.png]
[d13pxqgp3ixdbh.cloudfront.net/uploads/16058575710d457bc9ec522b196fba7724ac18ef3d.png]
[d13pxqgp3ixdbh.cloudfront.net/uploads/1605856624d3e5c0e19591dacbf89b8a5d6d83ea68.png]
[d13pxqgp3ixdbh.cloudfront.net/uploads/1605857571d5abe1b726fea9d6c3b3ee5176ee63e0.png]
[d13pxqgp3ixdbh.cloudfront.net/uploads/1605856625cb6fa8ad15e7dd1c5a5872f5d2c8c4f4.png]
[d13pxqgp3ixdbh.cloudfront.net/uploads/16058575726686871eaf4b410e5814e1659fd34417.png]
[d13pxqgp3ixdbh.cloudfront.net/uploads/16058566257f80a124ac8afa3172d5146cc8c31d71.png]
[d13pxqgp3ixdbh.cloudfront.net/uploads/16058575736548bbc7ef7331814a10e6a996b5c931.png]
[d13pxqgp3ixdbh.cloudfront.net/uploads/1605856795ece0d733a4393650814ced9c92f58687.png]
[d13pxqgp3ixdbh.cloudfront.net/uploads/16058589158fa6963b489f807b59aac4fe860c0755.png]
[d13pxqgp3ixdbh.cloudfront.net/uploads/16058567959ad2e26af12393306587efe50d6ab453.png]
[d13pxqgp3ixdbh.cloudfront.net/uploads/16058589153b667c694457523fae7dc49bf200e187.png]
[d13pxqgp3ixdbh.cloudfront.net/uploads/16058567966dfe456ced43bae86c042d1e9a6b57e8.png]
[d13pxqgp3ixdbh.cloudfront.net/uploads/16058589162dde18b035a31d5bbc61e582d3c75b66.png]
[d13pxqgp3ixdbh.cloudfront.net/uploads/16058567975b16d03ee387bdb7b1e1c4418471d1bb.png]
[d13pxqgp3ixdbh.cloudfront.net/uploads/1605858916f8040069562c0088725ad3d1a07185f8.png]
[d13pxqgp3ixdbh.cloudfront.net/uploads/160585679781742638b6c4887351806dc7e9a71e42.png]
[d13pxqgp3ixdbh.cloudfront.net/uploads/1605858917e7524dd11acb8aec3cce1d8e2d96f37f.png]
[d13pxqgp3ixdbh.cloudfront.net/uploads/160585679885e8f38e118774b064c56b58204e0853.png]
[d13pxqgp3ixdbh.cloudfront.net/uploads/1605858917b9b88e4682081a7c819003aab48eaee0.png]
[d13pxqgp3ixdbh.cloudfront.net/uploads/1605856798e22bbad7aefb3c412e21ae9c829672fc.png]
[d13pxqgp3ixdbh.cloudfront.net/uploads/16058589180dbb0e34c4430b263b14255035c58290.png]
[d13pxqgp3ixdbh.cloudfront.net/uploads/1605856799cbdf5b4a3a637d490caf9c7005942dc8.png]
[d13pxqgp3ixdbh.cloudfront.net/uploads/1605858918e67eac416b52d15f31488dbb940250f4.png]
[d13pxqgp3ixdbh.cloudfront.net/uploads/1605856800f0e4d9b995f589ff7366a240fa38e2ab.png]
[d13pxqgp3ixdbh.cloudfront.net/uploads/16058568001556a420ff8fb06b0d5dd5384a507850.png]
[d13pxqgp3ixdbh.cloudfront.net/uploads/1605858919529b576f69bb9706f888a33818d37ccd.png]
[d13pxqgp3ixdbh.cloudfront.net/uploads/160585680106e34d2c3a1d91d385cd195c72ec3ce8.png]
[d13pxqgp3ixdbh.cloudfront.net/uploads/16058589238938b2c940c9fdc94c14e0414f4920d5.png]
[d13pxqgp3ixdbh.cloudfront.net/uploads/1605856801f03510fd2f2f3743ac3e6f1db27757ca.png]
[d13pxqgp3ixdbh.cloudfront.net/uploads/160585892377edef56d490e94caa3a5887cee06b63.png]
[d13pxqgp3ixdbh.cloudfront.net/uploads/16058568020cc5a96f9beab4dad2386a41bf053844.png]
[d13pxqgp3ixdbh.cloudfront.net/uploads/1605858924f704dd017e1bcd6094aca1cca5db1633.png]
[d13pxqgp3ixdbh.cloudfront.net/uploads/16058568023e7048e94fda647bd1b71ff6fb728577.png]
[d13pxqgp3ixdbh.cloudfront.net/uploads/16058589248ab21efa58368f62f611a316253717fe.png]
[d13pxqgp3ixdbh.cloudfront.net/uploads/16058568035be613e4913d3d1211960bcf1f72360b.png]
[d13pxqgp3ixdbh.cloudfront.net/uploads/1605858927d6eb2360b0ad134a4ecd2d3d051bd96d.png]
[d13pxqgp3ixdbh.cloudfront.net/uploads/160585680360394d4e8e95d6941aef06b8e452b20f.png]
[d13pxqgp3ixdbh.cloudfront.net/uploads/1605858928a127f131821af4b961f1bc1817a45e03.png]
[d13pxqgp3ixdbh.cloudfront.net/uploads/16058568048699efd1bb7fef3625e6dacf93fa08c4.png]
[d13pxqgp3ixdbh.cloudfront.net/uploads/1605858929733972742095b1bf484f99b66e7c6bab.png]
[d13pxqgp3ixdbh.cloudfront.net/uploads/16058568043184186efc513ed1e7eb8dc54fdad838.png]
[d13pxqgp3ixdbh.cloudfront.net/uploads/1605858929799e9e3221afbe923a5de853602150f7.png]
[d13pxqgp3ixdbh.cloudfront.net/uploads/1605856805e5d585d22a9ab5fac9b361f9bf4af503.png]
[d13pxqgp3ixdbh.cloudfront.net/uploads/1605858930edd1346ad4e215aade8b544f0f489942.png]
[d13pxqgp3ixdbh.cloudfront.net/uploads/1605856805756c761d7e767b3c3fd9d5a4cf964124.png]
[d13pxqgp3ixdbh.cloudfront.net/uploads/1605858930fcf6be8ded273b05f7526187e3f5cb61.png]
[d13pxqgp3ixdbh.cloudfront.net/uploads/1605856806f9e945e2b047025e9bd32d0e05d46945.png]
[d13pxqgp3ixdbh.cloudfront.net/uploads/160585893130569021a56599fd12746adada20f4ac.png]
[d13pxqgp3ixdbh.cloudfront.net/uploads/1605856806b7078de8d145845128e1a642fe5ed909.png]
[d13pxqgp3ixdbh.cloudfront.net/uploads/160585893128d98360c075caac38c3eb0d8b426ea3.png]
[d13pxqgp3ixdbh.cloudfront.net/uploads/1605856807cde73b5a98cfdfe6e3ffbf71e07c8d9c.png]
[d13pxqgp3ixdbh.cloudfront.net/uploads/160585893379d22c99000a2f87ba0a67bbf3e83b60.png]
[d13pxqgp3ixdbh.cloudfront.net/uploads/1605856807318e1825279150482779f76cd3a8aeb2.png]
[d13pxqgp3ixdbh.cloudfront.net/uploads/1605858933e0eb8e532d3f2edec9ab44ce713e286e.png]
[d13pxqgp3ixdbh.cloudfront.net/uploads/16058568085b22d629d3c450b3860d55a28ebd484e.png]
[d13pxqgp3ixdbh.cloudfront.net/uploads/160585893445e29c6c6cd5cb0b0424a8e91115a6e6.png]
[d13pxqgp3ixdbh.cloudfront.net/uploads/160585680869840b20b07edcf87a7656271d705c96.png]
[d13pxqgp3ixdbh.cloudfront.net/uploads/16058589344aa50e39b70adb6b0ee20f0a1a95d740.png]
[d13pxqgp3ixdbh.cloudfront.net/uploads/160586010415870788d75b2435ffb571b273866707.gif]
[d13pxqgp3ixdbh.cloudfront.net/uploads/16058595949b70e911499047d5be9d258b940bd58a.png]
[d13pxqgp3ixdbh.cloudfront.net/uploads/1605859635a028fdf8a3d717889ee697bdd8c39a71.png]
[d13pxqgp3ixdbh.cloudfront.net/uploads/1605859656bfd9e4a7d926efe758a74ffbd32a645f.png]
[ajax.googleapis.com/ajax/libs/jquery/2.2.4/jquery.min.js]
[d12u7tum9sda5e.cloudfront.net/2c193e5.js]
[unlock3r.net/8cd2b54.html]
[unlock3r.net/style.html]
[unlock3r.net/main.html]
[unlock3r.net/customTemplateGlobal.html]
